app/build/intermediates/manifest_merge_blame_file/debug/manifest-merger-blame-debug-report.txt
1<?xml version="1.0" encoding="utf-8"?>
2<manifest xmlns:android="http://schemas.android.com/apk/res/android"
3    package="com.example.practice_moveball"
4    android:versionCode="1"
5    android:versionName="1.0" >
6
7    <uses-sdk
8        android:minSdkVersion="16"
8-->src\main\AndroidManifest.xml
9        android:targetSdkVersion="30" />
9-->src\main\AndroidManifest.xml
10
11    <application
11-->src\main\AndroidManifest.xml:5:5-26:19
12        android:allowBackup="true"
12-->src\main\AndroidManifest.xml:6:9-35
13        android:appComponentFactory="androidx.core.app.CoreComponentFactory"
13-->[androidx.core:core:1.3.1] AndroidManifest.xml:24:18-86
14        android:debuggable="true"
15        android:icon="@mipmap/ic_launcher"
15-->src\main\AndroidManifest.xml:7:9-43
16        android:label="@string/app_name"
16-->src\main\AndroidManifest.xml:8:9-41
17        android:roundIcon="@mipmap/ic_launcher_round"
17-->src\main\AndroidManifest.xml:9:9-54
18        android:supportsRtl="true"
18-->src\main\AndroidManifest.xml:10:9-35
19        android:testOnly="true"
20        android:theme="@style/Theme.Practice_MoveBall" >
20-->src\main\AndroidManifest.xml:11:9-55
21        <activity android:name="com.example.practice_moveball.SplashActivity" >
21-->src\main\AndroidManifest.xml:13:9-18:20
21-->src\main\AndroidManifest.xml:13:19-49
22            <intent-filter>
22-->src\main\AndroidManifest.xml:14:13-17:29
23                <action android:name="android.intent.action.MAIN" />
23-->src\main\AndroidManifest.xml:15:17-69
23-->src\main\AndroidManifest.xml:15:25-66
24
25                <category android:name="android.intent.category.LAUNCHER" />
25-->src\main\AndroidManifest.xml:16:17-77
25-->src\main\AndroidManifest.xml:16:27-74
26            </intent-filter>
27        </activity>
28        <activity android:name="com.example.practice_moveball.StartActivity" />
28-->src\main\AndroidManifest.xml:19:9-50
28-->src\main\AndroidManifest.xml:19:19-48
29        <activity
29-->src\main\AndroidManifest.xml:20:9-23:20
30            android:name="com.example.practice_moveball.MainActivity"
30-->src\main\AndroidManifest.xml:20:19-47
31            android:screenOrientation="portrait"
31-->src\main\AndroidManifest.xml:22:13-49
32            android:theme="@android:style/Theme.Black.NoTitleBar.Fullscreen" >
32-->src\main\AndroidManifest.xml:21:13-77
33        </activity>
34        <activity android:name="com.example.practice_moveball.ClearActivity" />
34-->src\main\AndroidManifest.xml:24:9-50
34-->src\main\AndroidManifest.xml:24:19-48
35        <activity android:name="com.example.practice_moveball.FailActivity" />
35-->src\main\AndroidManifest.xml:25:9-49
35-->src\main\AndroidManifest.xml:25:19-47
36    </application>
37
38</manifest>